
> vibe-generated-app@1.0.0 dev
> vite


  VITE v5.4.20  ready in 367 ms

  ➜  Local:   http://localhost:3000/
  ➜  Network: http://172.20.7.117:3000/
9:14:00 AM [vite] Pre-transform error: Transform failed with 1 error:
/home/workspace/src/App.jsx:43:15: ERROR: Expected "{" but found "["
9:14:01 AM [vite] Internal server error: Transform failed with 1 error:
/home/workspace/src/App.jsx:43:15: ERROR: Expected "{" but found "["
  Plugin: vite:esbuild
  File: /home/workspace/src/App.jsx:43:15
  
  Expected "{" but found "["
  41 |            notes={["Leather", "Blood Orange", "Smoldering Incense"]}
  42 |            myth="Wrath channels Ares, god of war—each spray is armor for battle."
  43 |            poem=[
     |                 ^
  44 |              'Steel in the pulse, ember in the throat,',
  45 |              'the night bends its knee to you.',
  
      at failureErrorWithLog (/home/workspace/node_modules/esbuild/lib/main.js:1472:15)
      at /home/workspace/node_modules/esbuild/lib/main.js:755:50
      at responseCallbacks.<computed> (/home/workspace/node_modules/esbuild/lib/main.js:622:9)
      at handleIncomingPacket (/home/workspace/node_modules/esbuild/lib/main.js:677:12)
      at Socket.readFromStdout (/home/workspace/node_modules/esbuild/lib/main.js:600:7)
      at Socket.emit (node:events:508:28)
      at addChunk (node:internal/streams/readable:559:12)
      at readableAddChunkPushByteMode (node:internal/streams/readable:510:3)
      at Readable.push (node:internal/streams/readable:390:5)
      at Pipe.onStreamRead (node:internal/stream_base_commons:189:23)
9:14:18 AM [vite] Internal server error: Transform failed with 1 error:
/home/workspace/src/App.jsx:43:15: ERROR: Expected "{" but found "["
  Plugin: vite:esbuild
  File: /home/workspace/src/App.jsx:43:15
  
  Expected "{" but found "["
  41 |            notes={["Leather", "Blood Orange", "Smoldering Incense"]}
  42 |            myth="Wrath channels Ares, god of war—each spray is armor for battle."
  43 |            poem=[
     |                 ^
  44 |              'Steel in the pulse, ember in the throat,',
  45 |              'the night bends its knee to you.',
  
      at failureErrorWithLog (/home/workspace/node_modules/esbuild/lib/main.js:1472:15)
      at /home/workspace/node_modules/esbuild/lib/main.js:755:50
      at responseCallbacks.<computed> (/home/workspace/node_modules/esbuild/lib/main.js:622:9)
      at handleIncomingPacket (/home/workspace/node_modules/esbuild/lib/main.js:677:12)
      at Socket.readFromStdout (/home/workspace/node_modules/esbuild/lib/main.js:600:7)
      at Socket.emit (node:events:508:28)
      at addChunk (node:internal/streams/readable:559:12)
      at readableAddChunkPushByteMode (node:internal/streams/readable:510:3)
      at Readable.push (node:internal/streams/readable:390:5)
      at Pipe.onStreamRead (node:internal/stream_base_commons:189:23)
9:14:41 AM [vite] Internal server error: Transform failed with 1 error:
/home/workspace/src/App.jsx:43:15: ERROR: Expected "{" but found "["
  Plugin: vite:esbuild
  File: /home/workspace/src/App.jsx:43:15
  
  Expected "{" but found "["
  41 |            notes={["Leather", "Blood Orange", "Smoldering Incense"]}
  42 |            myth="Wrath channels Ares, god of war—each spray is armor for battle."
  43 |            poem=[
     |                 ^
  44 |              'Steel in the pulse, ember in the throat,',
  45 |              'the night bends its knee to you.',
  
      at failureErrorWithLog (/home/workspace/node_modules/esbuild/lib/main.js:1472:15)
      at /home/workspace/node_modules/esbuild/lib/main.js:755:50
      at responseCallbacks.<computed> (/home/workspace/node_modules/esbuild/lib/main.js:622:9)
      at handleIncomingPacket (/home/workspace/node_modules/esbuild/lib/main.js:677:12)
      at Socket.readFromStdout (/home/workspace/node_modules/esbuild/lib/main.js:600:7)
      at Socket.emit (node:events:508:28)
      at addChunk (node:internal/streams/readable:559:12)
      at readableAddChunkPushByteMode (node:internal/streams/readable:510:3)
      at Readable.push (node:internal/streams/readable:390:5)
      at Pipe.onStreamRead (node:internal/stream_base_commons:189:23)
9:14:42 AM [vite] Internal server error: Transform failed with 1 error:
/home/workspace/src/App.jsx:43:15: ERROR: Expected "{" but found "["
  Plugin: vite:esbuild
  File: /home/workspace/src/App.jsx:43:15
  
  Expected "{" but found "["
  41 |            notes={["Leather", "Blood Orange", "Smoldering Incense"]}
  42 |            myth="Wrath channels Ares, god of war—each spray is armor for battle."
  43 |            poem=[
     |                 ^
  44 |              'Steel in the pulse, ember in the throat,',
  45 |              'the night bends its knee to you.',
  
      at failureErrorWithLog (/home/workspace/node_modules/esbuild/lib/main.js:1472:15)
      at /home/workspace/node_modules/esbuild/lib/main.js:755:50
      at responseCallbacks.<computed> (/home/workspace/node_modules/esbuild/lib/main.js:622:9)
      at handleIncomingPacket (/home/workspace/node_modules/esbuild/lib/main.js:677:12)
      at Socket.readFromStdout (/home/workspace/node_modules/esbuild/lib/main.js:600:7)
      at Socket.emit (node:events:508:28)
      at addChunk (node:internal/streams/readable:559:12)
      at readableAddChunkPushByteMode (node:internal/streams/readable:510:3)
      at Readable.push (node:internal/streams/readable:390:5)
      at Pipe.onStreamRead (node:internal/stream_base_commons:189:23)
